 
****************************************
Report : area
Design : prob1
Version: W-2024.09
Date   : Sun Apr  5 13:09:06 2026
****************************************

Library(s) Used:

    saed32rvt_ss0p7vn40c (File: /home/student/Downloads/Workshop/ref/lib/stdcell_rvt/saed32rvt_ss0p7vn40c.db)

Number of ports:                           35
Number of nets:                           100
Number of cells:                           80
Number of combinational cells:             32
Number of sequential cells:                34
Number of macros/black boxes:               0
Number of buf/inv:                          0
Number of references:                       8

Combinational area:                 87.933823
Buf/Inv area:                        0.000000
Noncombinational area:             231.779334
Macro/Black Box area:                0.000000
Net Interconnect area:              62.587032

Total cell area:                   319.713157
Total area:                        382.300190

Hierarchical area distribution
------------------------------

                                  Global cell area          Local cell area
                                  ------------------  --------------------------- 
Hierarchical cell                 Absolute   Percent  Combi-    Noncombi-  Black-
                                  Total      Total    national  national   boxes   Design
--------------------------------  ---------  -------  --------  ---------  ------  ---------
prob1                              319.7132    100.0   87.9338   231.7793  0.0000  prob1
--------------------------------  ---------  -------  --------  ---------  ------  ---------
Total                                                  87.9338   231.7793  0.0000

1
