 
****************************************
Report : cell
Design : prob1
Version: W-2024.09
Date   : Sun Apr  5 13:09:06 2026
****************************************

Attributes:
    b - black box (unknown)
    h - hierarchical
    n - noncombinational
    r - removable
    u - contains unmapped logic

Cell                      Reference       Library             Area  Attributes
--------------------------------------------------------------------------------
U38                       AOI22X1_RVT     saed32rvt_ss0p7vn40c
                                                          3.049728  
U39                       AOI22X1_RVT     saed32rvt_ss0p7vn40c
                                                          3.049728  
U40                       AOI22X1_RVT     saed32rvt_ss0p7vn40c
                                                          3.049728  
U41                       AOI22X1_RVT     saed32rvt_ss0p7vn40c
                                                          3.049728  
U42                       AOI22X1_RVT     saed32rvt_ss0p7vn40c
                                                          3.049728  
U43                       AOI22X1_RVT     saed32rvt_ss0p7vn40c
                                                          3.049728  
U44                       AOI22X1_RVT     saed32rvt_ss0p7vn40c
                                                          3.049728  
U45                       AOI22X1_RVT     saed32rvt_ss0p7vn40c
                                                          3.049728  
U46                       AOI22X1_RVT     saed32rvt_ss0p7vn40c
                                                          3.049728  
U47                       AOI22X1_RVT     saed32rvt_ss0p7vn40c
                                                          3.049728  
U48                       AOI22X1_RVT     saed32rvt_ss0p7vn40c
                                                          3.049728  
U49                       AOI22X1_RVT     saed32rvt_ss0p7vn40c
                                                          3.049728  
U50                       AOI22X1_RVT     saed32rvt_ss0p7vn40c
                                                          3.049728  
U51                       NOR2X0_RVT      saed32rvt_ss0p7vn40c
                                                          2.541440  
U52                       NOR2X2_RVT      saed32rvt_ss0p7vn40c
                                                          2.795584  
U67                       AND2X1_RVT      saed32rvt_ss0p7vn40c
                                                          2.033152  
U68                       AND2X1_RVT      saed32rvt_ss0p7vn40c
                                                          2.033152  
U69                       AO22X1_RVT      saed32rvt_ss0p7vn40c
                                                          2.541440  
U70                       AO22X1_RVT      saed32rvt_ss0p7vn40c
                                                          2.541440  
U71                       AO22X1_RVT      saed32rvt_ss0p7vn40c
                                                          2.541440  
U72                       AO22X1_RVT      saed32rvt_ss0p7vn40c
                                                          2.541440  
U73                       AO22X1_RVT      saed32rvt_ss0p7vn40c
                                                          2.541440  
U74                       AO22X1_RVT      saed32rvt_ss0p7vn40c
                                                          2.541440  
U75                       AO22X1_RVT      saed32rvt_ss0p7vn40c
                                                          2.541440  
U76                       AO22X1_RVT      saed32rvt_ss0p7vn40c
                                                          2.541440  
U77                       AO22X1_RVT      saed32rvt_ss0p7vn40c
                                                          2.541440  
U78                       AO22X1_RVT      saed32rvt_ss0p7vn40c
                                                          2.541440  
U79                       AO222X1_RVT     saed32rvt_ss0p7vn40c
                                                          3.303872  
U80                       AO22X1_RVT      saed32rvt_ss0p7vn40c
                                                          2.541440  
U81                       AO22X1_RVT      saed32rvt_ss0p7vn40c
                                                          2.541440  
U82                       AO22X1_RVT      saed32rvt_ss0p7vn40c
                                                          2.541440  
U83                       AO22X1_RVT      saed32rvt_ss0p7vn40c
                                                          2.541440  
X_reg_reg[0]              DFFX1_RVT       saed32rvt_ss0p7vn40c
                                                          6.607744  n
X_reg_reg[1]              DFFX1_RVT       saed32rvt_ss0p7vn40c
                                                          6.607744  n
X_reg_reg[2]              DFFX1_RVT       saed32rvt_ss0p7vn40c
                                                          6.607744  n
X_reg_reg[3]              DFFX1_RVT       saed32rvt_ss0p7vn40c
                                                          6.607744  n
X_reg_reg[4]              DFFX1_RVT       saed32rvt_ss0p7vn40c
                                                          6.607744  n
X_reg_reg[5]              DFFX1_RVT       saed32rvt_ss0p7vn40c
                                                          6.607744  n
X_reg_reg[6]              DFFX1_RVT       saed32rvt_ss0p7vn40c
                                                          6.607744  n
X_reg_reg[7]              DFFX1_RVT       saed32rvt_ss0p7vn40c
                                                          6.607744  n
X_reg_reg[8]              DFFX1_RVT       saed32rvt_ss0p7vn40c
                                                          6.607744  n
X_reg_reg[9]              DFFX1_RVT       saed32rvt_ss0p7vn40c
                                                          6.607744  n
X_reg_reg[10]             DFFX1_RVT       saed32rvt_ss0p7vn40c
                                                          6.607744  n
X_reg_reg[11]             DFFX1_RVT       saed32rvt_ss0p7vn40c
                                                          6.607744  n
X_reg_reg[12]             DFFX1_RVT       saed32rvt_ss0p7vn40c
                                                          6.607744  n
X_reg_reg[13]             DFFX1_RVT       saed32rvt_ss0p7vn40c
                                                          6.607744  n
X_reg_reg[14]             DFFX1_RVT       saed32rvt_ss0p7vn40c
                                                          6.607744  n
X_reg_reg[15]             DFFX1_RVT       saed32rvt_ss0p7vn40c
                                                          6.607744  n
Y_reg[0]                  DFFSSRX1_RVT    saed32rvt_ss0p7vn40c
                                                          7.116032  n
Y_reg[1]                  DFFSSRX1_RVT    saed32rvt_ss0p7vn40c
                                                          7.116032  n
Y_reg[2]                  DFFSSRX1_RVT    saed32rvt_ss0p7vn40c
                                                          7.116032  n
Y_reg[3]                  DFFSSRX1_RVT    saed32rvt_ss0p7vn40c
                                                          7.116032  n
Y_reg[4]                  DFFSSRX1_RVT    saed32rvt_ss0p7vn40c
                                                          7.116032  n
Y_reg[5]                  DFFSSRX1_RVT    saed32rvt_ss0p7vn40c
                                                          7.116032  n
Y_reg[6]                  DFFSSRX1_RVT    saed32rvt_ss0p7vn40c
                                                          7.116032  n
Y_reg[7]                  DFFSSRX1_RVT    saed32rvt_ss0p7vn40c
                                                          7.116032  n
Y_reg[8]                  DFFSSRX1_RVT    saed32rvt_ss0p7vn40c
                                                          7.116032  n
Y_reg[9]                  DFFSSRX1_RVT    saed32rvt_ss0p7vn40c
                                                          7.116032  n
Y_reg[10]                 DFFSSRX1_RVT    saed32rvt_ss0p7vn40c
                                                          7.116032  n
Y_reg[11]                 DFFSSRX1_RVT    saed32rvt_ss0p7vn40c
                                                          7.116032  n
Y_reg[12]                 DFFSSRX1_RVT    saed32rvt_ss0p7vn40c
                                                          7.116032  n
Y_reg[13]                 DFFX1_RVT       saed32rvt_ss0p7vn40c
                                                          6.607744  n
Y_reg[14]                 DFFX1_RVT       saed32rvt_ss0p7vn40c
                                                          6.607744  n
Y_reg[15]                 DFFSSRX1_RVT    saed32rvt_ss0p7vn40c
                                                          7.116032  n
Z_reg_reg[0]              DFFX1_RVT       saed32rvt_ss0p7vn40c
                                                          6.607744  n
Z_reg_reg[1]              DFFX1_RVT       saed32rvt_ss0p7vn40c
                                                          6.607744  n
--------------------------------------------------------------------------------
Total 66 cells                                            319.713157
1
