 
****************************************
Report : qor
Design : prob1
Version: W-2024.09
Date   : Sun Apr  5 13:09:06 2026
****************************************


  Timing Path Group 'clk'
  -----------------------------------
  Levels of Logic:               0.00
  Critical Path Length:          0.92
  Critical Path Slack:           6.88
  Critical Path Clk Period:     10.00
  Total Negative Slack:          0.00
  No. of Violating Paths:        0.00
  Worst Hold Violation:          0.00
  Total Hold Violation:          0.00
  No. of Hold Violations:        0.00
  -----------------------------------


  Cell Count
  -----------------------------------
  Hierarchical Cell Count:          0
  Hierarchical Port Count:          0
  Leaf Cell Count:                 66
  Buf/Inv Cell Count:               0
  Buf Cell Count:                   0
  Inv Cell Count:                   0
  CT Buf/Inv Cell Count:            0
  Combinational Cell Count:        32
  Sequential Cell Count:           34
  Macro Count:                      0
  -----------------------------------


  Area
  -----------------------------------
  Combinational Area:       87.933823
  Noncombinational Area:   231.779334
  Buf/Inv Area:              0.000000
  Total Buffer Area:             0.00
  Total Inverter Area:           0.00
  Macro/Black Box Area:      0.000000
  Net Area:                 62.587032
  -----------------------------------
  Cell Area:               319.713157
  Design Area:             382.300190


  Design Rules
  -----------------------------------
  Total Number of Nets:           100
  Nets With Violations:             0
  Max Trans Violations:             0
  Max Cap Violations:               0
  -----------------------------------


  Hostname: ict-chipin.sot.pdpu.ac.in

  Compile CPU Statistics
  -----------------------------------------
  Resource Sharing:                    0.02
  Logic Optimization:                  0.04
  Mapping Optimization:                0.19
  -----------------------------------------
  Overall Compile Time:                3.44
  Overall Compile Wall Clock Time:     4.14

  --------------------------------------------------------------------

  Design  WNS: 0.00  TNS: 0.00  Number of Violating Paths: 0


  Design (Hold)  WNS: 0.00  TNS: 0.00  Number of Violating Paths: 0

  --------------------------------------------------------------------


1
